2021-11-14 15:03:10 INFO  GetLog4j:15 - ValidImagesTest testCase started
2021-11-14 15:03:10 INFO  MediaRelase:34 - initiaizied MediaRelase page factory for locating the element
2021-11-14 15:03:28 INFO  MediaRelase:43 - checking image visibility
2021-11-14 15:03:29 INFO  MediaRelase:45 - scrolldown to take screenshot of unavailable images
2021-11-14 15:03:29 INFO  MediaRelase:47 - generating screenshots and reports
2021-11-14 15:03:34 INFO  GetLog4j:15 - BrokenImageTest testCase started
2021-11-14 15:03:34 INFO  MediaRelase:54 - handling Exceptions using try catch
2021-11-14 15:03:39 INFO  MediaRelase:65 - generating screenshots and reports in listener class for failed testCase
2021-11-14 15:04:07 INFO  Publication:18 - publication page Factory elements are initiaized
2021-11-14 15:04:15 INFO  Publication:24 - select a  year from the dropdown
2021-11-14 15:04:16 INFO  Publication:26 - Document is displayed
2021-11-14 15:06:22 INFO  GetLog4j:15 - ValidImagesTest testCase started
2021-11-14 15:06:22 INFO  MediaRelase:34 - initiaizied MediaRelase page factory for locating the element
2021-11-14 15:06:25 INFO  GetLog4j:15 - BrokenImageTest testCase started
2021-11-14 15:06:25 INFO  MediaRelase:54 - handling Exceptions using try catch
2021-11-14 15:06:37 INFO  Publication:18 - publication page Factory elements are initiaized
2021-11-14 15:06:37 INFO  Publication:54 - navigated to the url
2021-11-14 15:06:38 INFO  Tender:22 - initializing TenderPage objects
2021-11-14 15:06:38 INFO  Tender:57 - move to tender menu 
2021-11-14 15:06:38 INFO  Leaders:15 - initiaizing page factory elements for leaderPage
2021-11-14 15:06:38 INFO  MakeInIndia:15 - make india page objects are initialized
2021-11-14 15:06:38 INFO  MakeInIndia:18 - navigated to Make in india module
2021-11-14 15:08:00 INFO  GetLog4j:15 - ValidImagesTest testCase started
2021-11-14 15:08:00 INFO  MediaRelase:34 - initiaizied MediaRelase page factory for locating the element
2021-11-14 15:08:15 INFO  MediaRelase:43 - checking image visibility
2021-11-14 15:08:15 INFO  MediaRelase:45 - scrolldown to take screenshot of unavailable images
2021-11-14 15:08:15 INFO  MediaRelase:47 - generating screenshots and reports
2021-11-14 15:08:29 INFO  GetLog4j:15 - BrokenImageTest testCase started
2021-11-14 15:08:29 INFO  MediaRelase:54 - handling Exceptions using try catch
2021-11-14 15:08:34 INFO  MediaRelase:65 - generating screenshots and reports in listener class for failed testCase
2021-11-14 15:09:17 INFO  Publication:18 - publication page Factory elements are initiaized
2021-11-14 15:09:20 INFO  Publication:24 - select a  year from the dropdown
2021-11-14 15:09:20 INFO  Publication:26 - Document is displayed
2021-11-14 15:09:42 INFO  Publication:35 - move to knowldegeOnline menu
2021-11-14 15:10:06 INFO  Publication:46 - link is  broken
2021-11-14 15:10:06 INFO  Publication:47 - Reports and screenshots are takened
2021-11-14 15:10:07 INFO  Publication:54 - navigated to the url
2021-11-14 15:10:17 INFO  Publication:57 - move to publication menu
2021-11-14 15:10:40 INFO  Tender:22 - initializing TenderPage objects
2021-11-14 15:11:12 INFO  Tender:29 - mouse over the tender menu
2021-11-14 15:11:17 INFO  Tender:34 - click the download Button
2021-11-14 15:11:36 INFO  Tender:57 - move to tender menu 
2021-11-14 15:11:46 INFO  Tender:66 - document Download option is clicked
2021-11-14 15:12:00 INFO  Leaders:15 - initiaizing page factory elements for leaderPage
2021-11-14 15:12:16 INFO  Leaders:22 - move into the leader page
2021-11-14 15:12:38 INFO  Leaders:37 - reports and scrrenshots are takened
2021-11-14 15:12:39 INFO  MakeInIndia:15 - make india page objects are initialized
2021-11-14 15:12:39 INFO  MakeInIndia:18 - navigated to Make in india module
2021-11-14 15:13:13 INFO  MakeInIndia:24 - scrrenshots and reports are generated
2021-11-14 17:52:48 INFO  MediaRelase:33 - drivers are initialized
2021-11-14 17:52:48 INFO  MediaRelase:34 - property files are loaded
2021-11-14 17:52:48 INFO  GetLog4j:15 - ValidImagesTest testCase started
2021-11-14 17:52:48 INFO  MediaRelase:38 - initiaizied MediaRelase page factory for locating the element
2021-11-14 17:52:58 INFO  MediaRelase:47 - checking image visibility
2021-11-14 17:52:58 INFO  MediaRelase:49 - scrolldown to take screenshot of unavailable images
2021-11-14 17:52:58 INFO  MediaRelase:51 - generating screenshots and reports
2021-11-14 17:53:07 INFO  GetLog4j:15 - BrokenImageTest testCase started
2021-11-14 17:53:07 INFO  MediaRelase:58 - handling Exceptions using try catch
2021-11-14 17:53:11 INFO  MediaRelase:69 - generating screenshots and reports in listener class for failed testCase
2021-11-14 17:53:13 INFO  GetLog4j:15 - paginationAndImageTest testCase started
2021-11-14 17:53:26 INFO  MediaRelase:32 - move to media page 
2021-11-14 17:53:42 INFO  MediaRelase:44 - close the modal
2021-11-14 17:53:42 INFO  MediaRelase:46 - screenshots and reports will be captured via listeners
2021-11-14 17:53:44 INFO  GetLog4j:15 - PaginationTest testCase started
2021-11-14 17:53:44 INFO  MediaRelase:59 - testing pagination functionality
2021-11-14 17:53:56 INFO  MediaRelase:66 - screenshots and reports are generated
2021-11-14 17:53:57 INFO  GetLog4j:15 - DocumentAvailabilityTest testCase started
2021-11-14 17:53:57 INFO  Publication:20 - publication page Factory elements are initiaized
2021-11-14 17:54:01 INFO  Publication:26 - select a  year from the dropdown
2021-11-14 17:54:01 INFO  Publication:28 - Document is displayed
2021-11-14 17:54:23 INFO  GetLog4j:15 - PublicationDocumentVisibilityTest testCase started
2021-11-14 17:54:23 INFO  Publication:37 - move to knowldegeOnline menu
2021-11-14 17:54:48 INFO  Publication:48 - link is  broken
2021-11-14 17:54:48 INFO  Publication:49 - Reports and screenshots are takened
2021-11-14 17:54:49 INFO  GetLog4j:15 - ValidUrlTest testCase started
2021-11-14 17:54:49 INFO  Publication:56 - navigated to the url
2021-11-14 17:54:55 INFO  Publication:59 - move to publication menu
2021-11-14 17:54:56 INFO  GetLog4j:15 - DocumentDownloadTest testCase started
2021-11-14 17:54:56 INFO  Tender:25 - initializing TenderPage objects
2021-11-14 17:55:21 INFO  Tender:32 - mouse over the tender menu
2021-11-14 17:55:25 INFO  Tender:37 - click the download Button
2021-11-14 17:55:45 INFO  GetLog4j:15 - DocumenVisibilityTest testCase started
2021-11-14 17:55:45 INFO  Tender:60 - move to tender menu 
2021-11-14 17:55:52 INFO  Tender:69 - document Download option is clicked
2021-11-14 17:56:05 INFO  GetLog4j:15 - LinkTest testCase started
2021-11-14 17:56:05 INFO  Leaders:17 - initiaizing page factory elements for leaderPage
2021-11-14 17:56:05 INFO  Leaders:20 - navigate to Home page to access elements
2021-11-14 17:56:15 INFO  Leaders:25 - move into the leader page
2021-11-14 17:56:27 INFO  Leaders:41 - reports and scrrenshots were takened
2021-11-14 17:56:29 INFO  GetLog4j:15 - ValidNaviagtionTest testCase started
2021-11-14 17:56:29 INFO  MakeInIndia:17 - make india page objects are initialized
2021-11-14 17:56:29 INFO  MakeInIndia:20 - navigated to Make in india module
2021-11-14 17:56:56 INFO  MakeInIndia:26 - screenshots and reports are generated
